[debug] [2018-03-08T22:06:01.015Z] ----------------------------------------------------------------------
[debug] [2018-03-08T22:06:01.017Z] Command:       /usr/local/Cellar/node/9.6.1/bin/node /usr/local/bin/firebase init
[debug] [2018-03-08T22:06:01.018Z] CLI Version:   3.17.5
[debug] [2018-03-08T22:06:01.018Z] Platform:      darwin
[debug] [2018-03-08T22:06:01.018Z] Node Version:  v9.6.1
[debug] [2018-03-08T22:06:01.018Z] Time:          Thu Mar 08 2018 14:06:01 GMT-0800 (PST)
[debug] [2018-03-08T22:06:01.018Z] ----------------------------------------------------------------------
[debug] 
[debug] [2018-03-08T22:06:01.032Z] > command requires scopes: ["email","openid","https://www.googleapis.com/auth/cloudplatformprojects.readonly","https://www.googleapis.com/auth/firebase"]
[debug] [2018-03-08T22:06:01.033Z] > authorizing via signed-in user
[info] 
     🔥🔥🔥🔥🔥🔥🔥🔥 🔥🔥🔥🔥 🔥🔥🔥🔥🔥🔥🔥🔥  🔥🔥🔥🔥🔥🔥🔥🔥 🔥🔥🔥🔥🔥🔥🔥🔥     🔥🔥🔥     🔥🔥🔥🔥🔥🔥  🔥🔥🔥🔥🔥🔥🔥🔥
     🔥🔥        🔥🔥  🔥🔥     🔥🔥 🔥🔥       🔥🔥     🔥🔥  🔥🔥   🔥🔥  🔥🔥       🔥🔥
     🔥🔥🔥🔥🔥🔥    🔥🔥  🔥🔥🔥🔥🔥🔥🔥🔥  🔥🔥🔥🔥🔥🔥   🔥🔥🔥🔥🔥🔥🔥🔥  🔥🔥🔥🔥🔥🔥🔥🔥🔥  🔥🔥🔥🔥🔥🔥  🔥🔥🔥🔥🔥🔥
     🔥🔥        🔥🔥  🔥🔥    🔥🔥  🔥🔥       🔥🔥     🔥🔥 🔥🔥     🔥🔥       🔥🔥 🔥🔥
     🔥🔥       🔥🔥🔥🔥 🔥🔥     🔥🔥 🔥🔥🔥🔥🔥🔥🔥🔥 🔥🔥🔥🔥🔥🔥🔥🔥  🔥🔥     🔥🔥  🔥🔥🔥🔥🔥🔥  🔥🔥🔥🔥🔥🔥🔥🔥

You're about to initialize a Firebase project in this directory:

  /Users/jasonsouthwell/Documents/Development/Freelance/AMS Portfolio/anton-schulz-dot-com

Before we get started, keep in mind:

  * You are initializing in an existing Firebase project directory

[info] 
=== Project Setup
[info] 
[info] First, let's associate this project directory with a Firebase project.
[info] You can create multiple project aliases by running firebase use --add, 
[info] but for now we'll just set up a default project.
[info] 
[debug] [2018-03-08T22:06:07.786Z] > refreshing access token with scopes: ["email","https://www.googleapis.com/auth/cloudplatformprojects.readonly","https://www.googleapis.com/auth/firebase","openid"]
[debug] [2018-03-08T22:06:07.786Z] >>> HTTP REQUEST POST https://www.googleapis.com/oauth2/v3/token  
 { refresh_token: '1/zEIPijvpzws9YuQXKaxicTigwHECvHXmSOxaqf8JtIc',
  client_id: '563584335869-fgrhgmd47bqnekij5i8b5pr03ho849e6.apps.googleusercontent.com',
  client_secret: 'j9iVZfS8kkCEFUPaAeJV0sAi',
  grant_type: 'refresh_token',
  scope: 'email https://www.googleapis.com/auth/cloudplatformprojects.readonly https://www.googleapis.com/auth/firebase openid' } 
 Thu Mar 08 2018 14:06:07 GMT-0800 (PST)
[debug] [2018-03-08T22:06:07.933Z] <<< HTTP RESPONSE 200
[debug] [2018-03-08T22:06:07.948Z] >>> HTTP REQUEST GET https://admin.firebase.com/v1/projects  
  
 Thu Mar 08 2018 14:06:07 GMT-0800 (PST)
[debug] [2018-03-08T22:06:08.474Z] <<< HTTP RESPONSE 200
[info] i  .firebaserc already has a default project, skipping
[info] 
=== Hosting Setup
[info] 
[info] Your public directory is the folder (relative to your project directory) that
[info] will contain Hosting assets to be uploaded with firebase deploy. If you
[info] have a build process for your assets, use your build's output directory.
[info] 
[debug] [2018-03-08T22:06:25.294Z] >>> HTTP REQUEST GET https://www.gstatic.com/firebasejs/releases.json  
  
 Thu Mar 08 2018 14:06:25 GMT-0800 (PST)
[debug] [2018-03-08T22:06:25.419Z] <<< HTTP RESPONSE 200
[debug] [2018-03-08T22:06:25.562Z] Error: ENOTDIR: not a directory, open '/Users/jasonsouthwell/Documents/Development/Freelance/AMS Portfolio/anton-schulz-dot-com/build/index.html'
    at Object.fs.openSync (fs.js:667:18)
    at Object.fs.writeFileSync (fs.js:1326:33)
    at Object.createFileSync (/usr/local/lib/node_modules/firebase-tools/node_modules/fs-extra/lib/ensure/file.js:34:6)
    at Config.writeProjectFile (/usr/local/lib/node_modules/firebase-tools/lib/config.js:169:6)
    at /usr/local/lib/node_modules/firebase-tools/lib/config.js:189:12
    at tryCatch (/usr/local/lib/node_modules/firebase-tools/node_modules/rsvp/dist/rsvp.js:525:12)
    at invokeCallback (/usr/local/lib/node_modules/firebase-tools/node_modules/rsvp/dist/rsvp.js:538:13)
    at /usr/local/lib/node_modules/firebase-tools/node_modules/rsvp/dist/rsvp.js:606:14
    at flush (/usr/local/lib/node_modules/firebase-tools/node_modules/rsvp/dist/rsvp.js:2415:5)
    at process._tickCallback (internal/process/next_tick.js:150:11)
[error] 
[error] Error: An unexpected error has occurred.
